{
  message: 'DB is connected',
  level: 'info',
  service: 'user-service',
  label: 'info',
  timestamp: '2023-07-04T12:00:07.572Z'
}
{
  message: 'Port is listening',
  level: 'info',
  service: 'user-service',
  label: 'info',
  timestamp: '2023-07-04T12:00:07.584Z'
}
{
  message: 'DB is connected',
  level: 'info',
  service: 'user-service',
  label: 'info',
  timestamp: '2023-07-04T12:00:36.081Z'
}
{
  message: 'Port is listening',
  level: 'info',
  service: 'user-service',
  label: 'info',
  timestamp: '2023-07-04T12:00:36.086Z'
}
{
  message: 'DB is connected',
  level: 'info',
  service: 'user-service',
  label: 'info',
  timestamp: '2023-07-04T12:00:42.269Z'
}
{
  message: 'Port is listening',
  level: 'info',
  service: 'user-service',
  label: 'info',
  timestamp: '2023-07-04T12:00:42.274Z'
}
{
  message: 'DB is connected',
  level: 'info',
  service: 'user-service',
  label: 'info',
  timestamp: '2023-07-04T12:01:17.790Z'
}
{
  message: 'Port is listening',
  level: 'info',
  service: 'user-service',
  label: 'info',
  timestamp: '2023-07-04T12:01:17.801Z'
}
{
  message: 'DB is connected',
  level: 'info',
  service: 'user-service',
  label: 'info',
  timestamp: '2023-07-04T12:02:13.134Z'
}
{
  message: 'Port is listening',
  level: 'info',
  service: 'user-service',
  label: 'info',
  timestamp: '2023-07-04T12:02:13.139Z'
}
{
  message: 'DB is connected',
  level: 'info',
  service: 'user-service',
  label: 'info',
  timestamp: '2023-07-04T12:02:24.515Z'
}
{
  message: 'Port is listening',
  level: 'info',
  service: 'user-service',
  label: 'info',
  timestamp: '2023-07-04T12:02:24.527Z'
}
{
  message: 'DB is connected',
  level: 'info',
  service: 'user-service',
  label: 'info',
  timestamp: '2023-07-04T12:02:45.146Z'
}
{
  message: 'Port is listening',
  level: 'info',
  service: 'user-service',
  label: 'info',
  timestamp: '2023-07-04T12:02:45.156Z'
}
{
  message: 'DB is connected',
  level: 'info',
  service: 'user-service',
  label: 'info',
  timestamp: '2023-07-04T12:02:52.967Z'
}
{
  message: 'Port is listening',
  level: 'info',
  service: 'user-service',
  label: 'info',
  timestamp: '2023-07-04T12:02:52.978Z'
}
{
  message: 'DB is connected',
  level: 'info',
  service: 'user-service',
  label: 'info',
  timestamp: '2023-07-04T12:03:03.757Z'
}
{
  message: 'Port is listening',
  level: 'info',
  service: 'user-service',
  label: 'info',
  timestamp: '2023-07-04T12:03:03.768Z'
}
{
  message: 'DB is connected',
  level: 'info',
  service: 'user-service',
  label: 'info',
  timestamp: '2023-07-04T12:03:09.238Z'
}
{
  message: 'Port is listening',
  level: 'info',
  service: 'user-service',
  label: 'info',
  timestamp: '2023-07-04T12:03:09.247Z'
}
{
  message: 'DB is connected',
  level: 'info',
  service: 'user-service',
  label: 'info',
  timestamp: '2023-07-04T12:03:22.828Z'
}
{
  message: 'Port is listening',
  level: 'info',
  service: 'user-service',
  label: 'info',
  timestamp: '2023-07-04T12:03:22.835Z'
}
{
  message: 'DB is connected',
  level: 'info',
  service: 'user-service',
  label: 'info',
  timestamp: '2023-07-04T12:03:47.744Z'
}
{
  message: 'Port is listening',
  level: 'info',
  service: 'user-service',
  label: 'info',
  timestamp: '2023-07-04T12:03:47.755Z'
}
{
  message: 'DB is connected',
  level: 'info',
  service: 'user-service',
  label: 'info',
  timestamp: '2023-07-04T12:04:04.987Z'
}
{
  message: 'Port is listening',
  level: 'info',
  service: 'user-service',
  label: 'info',
  timestamp: '2023-07-04T12:04:04.997Z'
}
{
  message: 'DB is connected',
  level: 'info',
  service: 'user-service',
  label: 'info',
  timestamp: '2023-07-04T12:04:17.344Z'
}
{
  message: 'Port is listening',
  level: 'info',
  service: 'user-service',
  label: 'info',
  timestamp: '2023-07-04T12:04:17.355Z'
}
{
  message: 'DB is connected',
  level: 'info',
  service: 'user-service',
  label: 'info',
  timestamp: '2023-07-04T12:04:27.597Z'
}
{
  message: 'Port is listening',
  level: 'info',
  service: 'user-service',
  label: 'info',
  timestamp: '2023-07-04T12:04:27.602Z'
}
{
  message: 'DB is connected',
  level: 'info',
  service: 'user-service',
  label: 'info',
  timestamp: '2023-07-04T12:05:01.198Z'
}
{
  message: 'Port is listening',
  level: 'info',
  service: 'user-service',
  label: 'info',
  timestamp: '2023-07-04T12:05:01.209Z'
}
{
  message: 'DB is connected',
  level: 'info',
  service: 'user-service',
  label: 'info',
  timestamp: '2023-07-04T12:05:43.224Z'
}
{
  message: 'Port is listening',
  level: 'info',
  service: 'user-service',
  label: 'info',
  timestamp: '2023-07-04T12:05:43.233Z'
}
{
  message: 'DB is connected',
  level: 'info',
  service: 'user-service',
  label: 'info',
  timestamp: '2023-07-04T12:06:31.292Z'
}
{
  message: 'Port is listening',
  level: 'info',
  service: 'user-service',
  label: 'info',
  timestamp: '2023-07-04T12:06:31.297Z'
}
{
  message: 'DB is connected',
  level: 'info',
  service: 'user-service',
  label: 'info',
  timestamp: '2023-07-04T12:06:40.684Z'
}
{
  message: 'Port is listening',
  level: 'info',
  service: 'user-service',
  label: 'info',
  timestamp: '2023-07-04T12:06:40.689Z'
}
{
  message: 'DB is connected',
  level: 'info',
  service: 'user-service',
  label: 'info',
  timestamp: '2023-07-04T12:10:28.863Z'
}
{
  message: 'Port is listening',
  level: 'info',
  service: 'user-service',
  label: 'info',
  timestamp: '2023-07-04T12:10:28.873Z'
}
{
  message: 'DB is connected',
  level: 'info',
  service: 'user-service',
  label: 'info',
  timestamp: '2023-07-04T12:11:27.126Z'
}
{
  message: 'Port is listening',
  level: 'info',
  service: 'user-service',
  label: 'info',
  timestamp: '2023-07-04T12:11:27.135Z'
}
{
  message: 'DB is connected',
  level: 'info',
  service: 'user-service',
  label: 'info',
  timestamp: '2023-07-04T12:12:33.095Z'
}
{
  message: 'Port is listening',
  level: 'info',
  service: 'user-service',
  label: 'info',
  timestamp: '2023-07-04T12:12:33.107Z'
}
{
  message: 'DB is connected',
  level: 'info',
  service: 'user-service',
  label: 'info',
  timestamp: '2023-07-04T12:17:01.566Z'
}
{
  message: 'Port is listening',
  level: 'info',
  service: 'user-service',
  label: 'info',
  timestamp: '2023-07-04T12:17:01.578Z'
}
{
  message: 'DB is connected',
  level: 'info',
  service: 'user-service',
  label: 'info',
  timestamp: '2023-07-04T12:17:10.708Z'
}
{
  message: 'Port is listening',
  level: 'info',
  service: 'user-service',
  label: 'info',
  timestamp: '2023-07-04T12:17:10.716Z'
}
{
  message: 'DB is connected',
  level: 'info',
  service: 'user-service',
  label: 'info',
  timestamp: '2023-07-04T12:21:46.538Z'
}
{
  message: 'Port is listening',
  level: 'info',
  service: 'user-service',
  label: 'info',
  timestamp: '2023-07-04T12:21:46.550Z'
}
{
  message: 'DB is connected',
  level: 'info',
  service: 'user-service',
  label: 'info',
  timestamp: '2023-07-04T12:23:51.404Z'
}
{
  message: 'Port is listening',
  level: 'info',
  service: 'user-service',
  label: 'info',
  timestamp: '2023-07-04T12:23:51.413Z'
}
{
  message: 'DB is connected',
  level: 'info',
  service: 'user-service',
  label: 'info',
  timestamp: '2023-07-04T12:29:59.296Z'
}
{
  message: 'Port is listening',
  level: 'info',
  service: 'user-service',
  label: 'info',
  timestamp: '2023-07-04T12:29:59.307Z'
}
{
  message: 'DB is connected',
  level: 'info',
  service: 'user-service',
  label: 'info',
  timestamp: '2023-07-04T12:31:04.604Z'
}
{
  message: 'Port is listening',
  level: 'info',
  service: 'user-service',
  label: 'info',
  timestamp: '2023-07-04T12:31:04.609Z'
}
{
  message: 'DB is connected',
  level: 'info',
  service: 'user-service',
  label: 'info',
  timestamp: '2023-07-04T12:36:08.086Z'
}
{
  message: 'Port is listening',
  level: 'info',
  service: 'user-service',
  label: 'info',
  timestamp: '2023-07-04T12:36:08.095Z'
}
{
  message: 'DB is connected',
  level: 'info',
  service: 'user-service',
  label: 'info',
  timestamp: '2023-07-04T12:36:56.371Z'
}
{
  message: 'Port is listening',
  level: 'info',
  service: 'user-service',
  label: 'info',
  timestamp: '2023-07-04T12:36:56.379Z'
}
{
  message: 'DB is connected',
  level: 'info',
  service: 'user-service',
  label: 'info',
  timestamp: '2023-07-04T12:38:21.216Z'
}
{
  message: 'Port is listening',
  level: 'info',
  service: 'user-service',
  label: 'info',
  timestamp: '2023-07-04T12:38:21.229Z'
}
{
  message: 'DB is connected',
  level: 'info',
  service: 'user-service',
  label: 'info',
  timestamp: '2023-07-04T12:38:36.261Z'
}
{
  message: 'Port is listening',
  level: 'info',
  service: 'user-service',
  label: 'info',
  timestamp: '2023-07-04T12:38:36.266Z'
}
{
  message: 'DB is connected',
  level: 'info',
  service: 'user-service',
  label: 'info',
  timestamp: '2023-07-04T12:53:26.823Z'
}
{
  message: 'Port is listening',
  level: 'info',
  service: 'user-service',
  label: 'info',
  timestamp: '2023-07-04T12:53:26.839Z'
}
{
  message: 'DB is connected',
  level: 'info',
  service: 'user-service',
  label: 'info',
  timestamp: '2023-07-04T12:56:08.697Z'
}
{
  message: 'Port is listening',
  level: 'info',
  service: 'user-service',
  label: 'info',
  timestamp: '2023-07-04T12:56:08.702Z'
}
{
  message: 'DB is connected',
  level: 'info',
  service: 'user-service',
  label: 'info',
  timestamp: '2023-07-04T12:56:31.159Z'
}
{
  message: 'Port is listening',
  level: 'info',
  service: 'user-service',
  label: 'info',
  timestamp: '2023-07-04T12:56:31.164Z'
}
{
  message: 'DB is connected',
  level: 'info',
  service: 'user-service',
  label: 'info',
  timestamp: '2023-07-04T12:56:35.177Z'
}
{
  message: 'Port is listening',
  level: 'info',
  service: 'user-service',
  label: 'info',
  timestamp: '2023-07-04T12:56:35.186Z'
}
{
  message: 'DB is connected',
  level: 'info',
  service: 'user-service',
  label: 'info',
  timestamp: '2023-07-04T12:56:48.318Z'
}
{
  message: 'Port is listening',
  level: 'info',
  service: 'user-service',
  label: 'info',
  timestamp: '2023-07-04T12:56:48.333Z'
}
{
  message: 'DB is connected',
  level: 'info',
  service: 'user-service',
  label: 'info',
  timestamp: '2023-07-04T12:57:39.093Z'
}
{
  message: 'Port is listening',
  level: 'info',
  service: 'user-service',
  label: 'info',
  timestamp: '2023-07-04T12:57:39.101Z'
}
{
  message: 'DB is connected',
  level: 'info',
  service: 'user-service',
  label: 'info',
  timestamp: '2023-07-04T12:58:32.393Z'
}
{
  message: 'Port is listening',
  level: 'info',
  service: 'user-service',
  label: 'info',
  timestamp: '2023-07-04T12:58:32.399Z'
}
{
  message: 'DB is connected',
  level: 'info',
  service: 'user-service',
  label: 'info',
  timestamp: '2023-07-04T12:58:41.325Z'
}
{
  message: 'Port is listening',
  level: 'info',
  service: 'user-service',
  label: 'info',
  timestamp: '2023-07-04T12:58:41.329Z'
}
