{
  message: { role: 'student' },
  level: 'info',
  service: 'user-service',
  label: 'info',
  timestamp: '2023-07-04T10:37:43.105Z'
}
{
  message: 'DB is connected',
  level: 'info',
  service: 'user-service',
  label: 'info',
  timestamp: '2023-07-04T10:39:56.023Z'
}
{
  message: 'Port is listening',
  level: 'info',
  service: 'user-service',
  label: 'info',
  timestamp: '2023-07-04T10:39:56.038Z'
}
{
  message: { role: 'student' },
  level: 'info',
  service: 'user-service',
  label: 'info',
  timestamp: '2023-07-04T10:40:05.533Z'
}
{
  message: { role: 'student' },
  level: 'info',
  service: 'user-service',
  label: 'info',
  timestamp: '2023-07-04T10:40:09.786Z'
}
{
  message: 'DB is connected',
  level: 'info',
  service: 'user-service',
  label: 'info',
  timestamp: '2023-07-04T10:50:36.703Z'
}
{
  message: 'Port is listening',
  level: 'info',
  service: 'user-service',
  label: 'info',
  timestamp: '2023-07-04T10:50:36.714Z'
}
{
  message: 'DB is connected',
  level: 'info',
  service: 'user-service',
  label: 'info',
  timestamp: '2023-07-04T10:50:45.676Z'
}
{
  message: 'Port is listening',
  level: 'info',
  service: 'user-service',
  label: 'info',
  timestamp: '2023-07-04T10:50:45.681Z'
}
{
  message: 'DB is connected',
  level: 'info',
  service: 'user-service',
  label: 'info',
  timestamp: '2023-07-04T10:52:02.212Z'
}
{
  message: 'Port is listening',
  level: 'info',
  service: 'user-service',
  label: 'info',
  timestamp: '2023-07-04T10:52:02.224Z'
}
{
  message: 'DB is connected',
  level: 'info',
  service: 'user-service',
  label: 'info',
  timestamp: '2023-07-04T10:58:01.658Z'
}
{
  message: 'Port is listening',
  level: 'info',
  service: 'user-service',
  label: 'info',
  timestamp: '2023-07-04T10:58:01.668Z'
}
