{
  message: {
    title: 'Summer',
    year: 2025,
    code: '02',
    startMonth: 'January',
    endMonth: 'April'
  },
  level: 'info',
  service: 'user-service',
  label: 'info',
  timestamp: '2023-07-02T13:02:11.007Z'
}
{
  message: 'DB is connected',
  level: 'info',
  service: 'user-service',
  label: 'info',
  timestamp: '2023-07-02T13:02:41.189Z'
}
{
  message: 'Port is listening',
  level: 'info',
  service: 'user-service',
  label: 'info',
  timestamp: '2023-07-02T13:02:41.198Z'
}
{
  message: {
    title: 'Summer',
    year: 2025,
    code: '02',
    startMonth: 'January',
    endMonth: 'April'
  },
  level: 'info',
  service: 'user-service',
  label: 'info',
  timestamp: '2023-07-02T13:02:41.955Z'
}
{
  message: 'DB is connected',
  level: 'info',
  service: 'user-service',
  label: 'info',
  timestamp: '2023-07-02T13:03:18.975Z'
}
{
  message: 'Port is listening',
  level: 'info',
  service: 'user-service',
  label: 'info',
  timestamp: '2023-07-02T13:03:18.988Z'
}
{
  message: 'DB is connected',
  level: 'info',
  service: 'user-service',
  label: 'info',
  timestamp: '2023-07-02T13:03:27.838Z'
}
{
  message: 'Port is listening',
  level: 'info',
  service: 'user-service',
  label: 'info',
  timestamp: '2023-07-02T13:03:27.853Z'
}
{
  message: {
    title: 'Summer',
    year: 2025,
    code: '02',
    startMonth: 'January',
    endMonth: 'April'
  },
  level: 'info',
  service: 'user-service',
  label: 'info',
  timestamp: '2023-07-02T13:03:29.039Z'
}
{
  message: 'DB is connected',
  level: 'info',
  service: 'user-service',
  label: 'info',
  timestamp: '2023-07-02T13:04:10.270Z'
}
{
  message: 'Port is listening',
  level: 'info',
  service: 'user-service',
  label: 'info',
  timestamp: '2023-07-02T13:04:10.278Z'
}
{
  message: {
    title: 'Summer',
    year: 2025,
    code: '02',
    startMonth: 'January',
    endMonth: 'April'
  },
  level: 'info',
  service: 'user-service',
  label: 'info',
  timestamp: '2023-07-02T13:04:12.039Z'
}
{
  message: {
    title: 'Summer',
    year: 2025,
    code: '02',
    startMonth: 'January',
    endMonth: 'April'
  },
  level: 'info',
  service: 'user-service',
  label: 'info',
  timestamp: '2023-07-02T13:04:18.715Z'
}
{
  message: 'DB is connected',
  level: 'info',
  service: 'user-service',
  label: 'info',
  timestamp: '2023-07-02T13:04:58.772Z'
}
{
  message: 'Port is listening',
  level: 'info',
  service: 'user-service',
  label: 'info',
  timestamp: '2023-07-02T13:04:58.785Z'
}
{
  message: {
    title: 'Summer',
    year: 2025,
    code: '02',
    startMonth: 'January',
    endMonth: 'April'
  },
  level: 'info',
  service: 'user-service',
  label: 'info',
  timestamp: '2023-07-02T13:04:59.017Z'
}
{
  message: 'DB is connected',
  level: 'info',
  service: 'user-service',
  label: 'info',
  timestamp: '2023-07-02T13:05:15.752Z'
}
{
  message: 'Port is listening',
  level: 'info',
  service: 'user-service',
  label: 'info',
  timestamp: '2023-07-02T13:05:15.761Z'
}
{
  message: 'DB is connected',
  level: 'info',
  service: 'user-service',
  label: 'info',
  timestamp: '2023-07-02T13:05:29.172Z'
}
{
  message: 'Port is listening',
  level: 'info',
  service: 'user-service',
  label: 'info',
  timestamp: '2023-07-02T13:05:29.180Z'
}
{
  message: 'DB is connected',
  level: 'info',
  service: 'user-service',
  label: 'info',
  timestamp: '2023-07-02T13:08:02.498Z'
}
{
  message: 'Port is listening',
  level: 'info',
  service: 'user-service',
  label: 'info',
  timestamp: '2023-07-02T13:08:02.506Z'
}
{
  message: {
    title: 'Summer',
    year: 2025,
    code: '02',
    startMonth: 'January',
    endMonth: 'April'
  },
  level: 'info',
  service: 'user-service',
  label: 'info',
  timestamp: '2023-07-02T13:08:10.330Z'
}
{
  message: 'DB is connected',
  level: 'info',
  service: 'user-service',
  label: 'info',
  timestamp: '2023-07-02T13:08:22.031Z'
}
{
  message: 'Port is listening',
  level: 'info',
  service: 'user-service',
  label: 'info',
  timestamp: '2023-07-02T13:08:22.043Z'
}
{
  message: 'DB is connected',
  level: 'info',
  service: 'user-service',
  label: 'info',
  timestamp: '2023-07-02T13:08:41.756Z'
}
{
  message: 'Port is listening',
  level: 'info',
  service: 'user-service',
  label: 'info',
  timestamp: '2023-07-02T13:08:41.770Z'
}
{
  message: {
    title: 'Summer',
    year: 2025,
    code: '02',
    startMonth: 'January',
    endMonth: 'April'
  },
  level: 'info',
  service: 'user-service',
  label: 'info',
  timestamp: '2023-07-02T13:08:56.359Z'
}
{
  message: {
    title: 'Summer',
    year: 2025,
    code: '02',
    startMonth: 'January',
    endMonth: 'April'
  },
  level: 'info',
  service: 'user-service',
  label: 'info',
  timestamp: '2023-07-02T13:08:58.909Z'
}
{
  message: {
    title: 'Summer',
    year: 2025,
    code: '02',
    startMonth: 'January',
    endMonth: 'April'
  },
  level: 'info',
  service: 'user-service',
  label: 'info',
  timestamp: '2023-07-02T13:09:01.712Z'
}
{
  message: {
    title: 'Summer',
    year: 2025,
    code: '02',
    startMonth: 'January',
    endMonth: 'April'
  },
  level: 'info',
  service: 'user-service',
  label: 'info',
  timestamp: '2023-07-02T13:09:13.006Z'
}
{
  message: 'DB is connected',
  level: 'info',
  service: 'user-service',
  label: 'info',
  timestamp: '2023-07-02T13:15:18.266Z'
}
{
  message: 'Port is listening',
  level: 'info',
  service: 'user-service',
  label: 'info',
  timestamp: '2023-07-02T13:15:18.277Z'
}
{
  message: 'DB is connected',
  level: 'info',
  service: 'user-service',
  label: 'info',
  timestamp: '2023-07-02T13:15:44.471Z'
}
{
  message: 'Port is listening',
  level: 'info',
  service: 'user-service',
  label: 'info',
  timestamp: '2023-07-02T13:15:44.484Z'
}
{
  message: 'DB is connected',
  level: 'info',
  service: 'user-service',
  label: 'info',
  timestamp: '2023-07-02T13:16:09.326Z'
}
{
  message: 'Port is listening',
  level: 'info',
  service: 'user-service',
  label: 'info',
  timestamp: '2023-07-02T13:16:09.340Z'
}
{
  message: 'DB is connected',
  level: 'info',
  service: 'user-service',
  label: 'info',
  timestamp: '2023-07-02T13:16:22.169Z'
}
{
  message: 'Port is listening',
  level: 'info',
  service: 'user-service',
  label: 'info',
  timestamp: '2023-07-02T13:16:22.174Z'
}
{
  message: 'DB is connected',
  level: 'info',
  service: 'user-service',
  label: 'info',
  timestamp: '2023-07-02T13:16:41.760Z'
}
{
  message: 'Port is listening',
  level: 'info',
  service: 'user-service',
  label: 'info',
  timestamp: '2023-07-02T13:16:41.765Z'
}
{
  message: 'DB is connected',
  level: 'info',
  service: 'user-service',
  label: 'info',
  timestamp: '2023-07-02T13:16:54.241Z'
}
{
  message: 'Port is listening',
  level: 'info',
  service: 'user-service',
  label: 'info',
  timestamp: '2023-07-02T13:16:54.250Z'
}
{
  message: 'DB is connected',
  level: 'info',
  service: 'user-service',
  label: 'info',
  timestamp: '2023-07-02T13:17:15.532Z'
}
{
  message: 'Port is listening',
  level: 'info',
  service: 'user-service',
  label: 'info',
  timestamp: '2023-07-02T13:17:15.543Z'
}
{
  message: 'DB is connected',
  level: 'info',
  service: 'user-service',
  label: 'info',
  timestamp: '2023-07-02T13:17:25.679Z'
}
{
  message: 'Port is listening',
  level: 'info',
  service: 'user-service',
  label: 'info',
  timestamp: '2023-07-02T13:17:25.687Z'
}
{
  message: 'DB is connected',
  level: 'info',
  service: 'user-service',
  label: 'info',
  timestamp: '2023-07-02T13:17:35.595Z'
}
{
  message: 'Port is listening',
  level: 'info',
  service: 'user-service',
  label: 'info',
  timestamp: '2023-07-02T13:17:35.600Z'
}
{
  message: 'DB is connected',
  level: 'info',
  service: 'user-service',
  label: 'info',
  timestamp: '2023-07-02T13:17:54.685Z'
}
{
  message: 'Port is listening',
  level: 'info',
  service: 'user-service',
  label: 'info',
  timestamp: '2023-07-02T13:17:54.697Z'
}
{
  message: 'DB is connected',
  level: 'info',
  service: 'user-service',
  label: 'info',
  timestamp: '2023-07-02T13:18:01.001Z'
}
{
  message: 'Port is listening',
  level: 'info',
  service: 'user-service',
  label: 'info',
  timestamp: '2023-07-02T13:18:01.012Z'
}
{
  message: 'DB is connected',
  level: 'info',
  service: 'user-service',
  label: 'info',
  timestamp: '2023-07-02T13:18:14.528Z'
}
{
  message: 'Port is listening',
  level: 'info',
  service: 'user-service',
  label: 'info',
  timestamp: '2023-07-02T13:18:14.538Z'
}
{
  message: 'DB is connected',
  level: 'info',
  service: 'user-service',
  label: 'info',
  timestamp: '2023-07-02T13:18:29.886Z'
}
{
  message: 'Port is listening',
  level: 'info',
  service: 'user-service',
  label: 'info',
  timestamp: '2023-07-02T13:18:29.903Z'
}
{
  message: 'DB is connected',
  level: 'info',
  service: 'user-service',
  label: 'info',
  timestamp: '2023-07-02T13:18:46.467Z'
}
{
  message: 'Port is listening',
  level: 'info',
  service: 'user-service',
  label: 'info',
  timestamp: '2023-07-02T13:18:46.479Z'
}
{
  message: {
    title: 'Summer',
    year: 2025,
    code: '02',
    startMonth: 'January',
    endMonth: 'April'
  },
  level: 'info',
  service: 'user-service',
  label: 'info',
  timestamp: '2023-07-02T13:19:09.813Z'
}
{
  message: 'DB is connected',
  level: 'info',
  service: 'user-service',
  label: 'info',
  timestamp: '2023-07-02T13:19:32.552Z'
}
{
  message: 'Port is listening',
  level: 'info',
  service: 'user-service',
  label: 'info',
  timestamp: '2023-07-02T13:19:32.563Z'
}
