{
  message: 'DB is connected',
  level: 'info',
  service: 'user-service',
  label: 'info',
  timestamp: '2023-06-28T08:00:06.264Z'
}
{
  message: 'Port is listening',
  level: 'info',
  service: 'user-service',
  label: 'info',
  timestamp: '2023-06-28T08:00:06.272Z'
}
{
  message: {
    title: 'Autumn',
    year: 2025,
    code: '01',
    startMonth: 'January',
    endMonth: 'April'
  },
  level: 'info',
  service: 'user-service',
  label: 'info',
  timestamp: '2023-06-28T08:00:18.215Z'
}
{
  message: 'DB is connected',
  level: 'info',
  service: 'user-service',
  label: 'info',
  timestamp: '2023-06-28T08:05:47.991Z'
}
{
  message: 'Port is listening',
  level: 'info',
  service: 'user-service',
  label: 'info',
  timestamp: '2023-06-28T08:05:48.005Z'
}
{
  message: 'DB is connected',
  level: 'info',
  service: 'user-service',
  label: 'info',
  timestamp: '2023-06-28T08:06:05.243Z'
}
{
  message: 'Port is listening',
  level: 'info',
  service: 'user-service',
  label: 'info',
  timestamp: '2023-06-28T08:06:05.249Z'
}
{
  message: 'DB is connected',
  level: 'info',
  service: 'user-service',
  label: 'info',
  timestamp: '2023-06-28T08:06:22.630Z'
}
{
  message: 'Port is listening',
  level: 'info',
  service: 'user-service',
  label: 'info',
  timestamp: '2023-06-28T08:06:22.639Z'
}
{
  message: 'DB is connected',
  level: 'info',
  service: 'user-service',
  label: 'info',
  timestamp: '2023-06-28T08:06:35.395Z'
}
{
  message: 'Port is listening',
  level: 'info',
  service: 'user-service',
  label: 'info',
  timestamp: '2023-06-28T08:06:35.400Z'
}
{
  message: 'DB is connected',
  level: 'info',
  service: 'user-service',
  label: 'info',
  timestamp: '2023-06-28T08:07:05.104Z'
}
{
  message: 'Port is listening',
  level: 'info',
  service: 'user-service',
  label: 'info',
  timestamp: '2023-06-28T08:07:05.115Z'
}
{
  message: 'DB is connected',
  level: 'info',
  service: 'user-service',
  label: 'info',
  timestamp: '2023-06-28T08:07:13.499Z'
}
{
  message: 'Port is listening',
  level: 'info',
  service: 'user-service',
  label: 'info',
  timestamp: '2023-06-28T08:07:13.509Z'
}
{
  message: 'DB is connected',
  level: 'info',
  service: 'user-service',
  label: 'info',
  timestamp: '2023-06-28T08:07:38.367Z'
}
{
  message: 'Port is listening',
  level: 'info',
  service: 'user-service',
  label: 'info',
  timestamp: '2023-06-28T08:07:38.375Z'
}
{
  message: 'DB is connected',
  level: 'info',
  service: 'user-service',
  label: 'info',
  timestamp: '2023-06-28T08:07:45.189Z'
}
{
  message: 'Port is listening',
  level: 'info',
  service: 'user-service',
  label: 'info',
  timestamp: '2023-06-28T08:07:45.200Z'
}
{
  message: 'DB is connected',
  level: 'info',
  service: 'user-service',
  label: 'info',
  timestamp: '2023-06-28T08:08:02.821Z'
}
{
  message: 'Port is listening',
  level: 'info',
  service: 'user-service',
  label: 'info',
  timestamp: '2023-06-28T08:08:02.831Z'
}
{
  message: 'DB is connected',
  level: 'info',
  service: 'user-service',
  label: 'info',
  timestamp: '2023-06-28T08:08:50.300Z'
}
{
  message: 'Port is listening',
  level: 'info',
  service: 'user-service',
  label: 'info',
  timestamp: '2023-06-28T08:08:50.312Z'
}
{
  message: 'DB is connected',
  level: 'info',
  service: 'user-service',
  label: 'info',
  timestamp: '2023-06-28T08:10:36.198Z'
}
{
  message: 'Port is listening',
  level: 'info',
  service: 'user-service',
  label: 'info',
  timestamp: '2023-06-28T08:10:36.205Z'
}
{
  message: 'DB is connected',
  level: 'info',
  service: 'user-service',
  label: 'info',
  timestamp: '2023-06-28T08:11:43.948Z'
}
{
  message: 'Port is listening',
  level: 'info',
  service: 'user-service',
  label: 'info',
  timestamp: '2023-06-28T08:11:43.962Z'
}
{
  message: 'DB is connected',
  level: 'info',
  service: 'user-service',
  label: 'info',
  timestamp: '2023-06-28T08:12:09.346Z'
}
{
  message: 'Port is listening',
  level: 'info',
  service: 'user-service',
  label: 'info',
  timestamp: '2023-06-28T08:12:09.357Z'
}
{
  message: 'DB is connected',
  level: 'info',
  service: 'user-service',
  label: 'info',
  timestamp: '2023-06-28T08:12:46.883Z'
}
{
  message: 'Port is listening',
  level: 'info',
  service: 'user-service',
  label: 'info',
  timestamp: '2023-06-28T08:12:46.889Z'
}
{
  message: 'DB is connected',
  level: 'info',
  service: 'user-service',
  label: 'info',
  timestamp: '2023-06-28T08:13:33.668Z'
}
{
  message: 'Port is listening',
  level: 'info',
  service: 'user-service',
  label: 'info',
  timestamp: '2023-06-28T08:13:33.676Z'
}
{
  message: 'DB is connected',
  level: 'info',
  service: 'user-service',
  label: 'info',
  timestamp: '2023-06-28T08:14:02.178Z'
}
{
  message: 'Port is listening',
  level: 'info',
  service: 'user-service',
  label: 'info',
  timestamp: '2023-06-28T08:14:02.186Z'
}
{
  message: {
    title: 'Summer',
    year: 2025,
    code: '01',
    startMonth: 'January',
    endMonth: 'April'
  },
  level: 'info',
  service: 'user-service',
  label: 'info',
  timestamp: '2023-06-28T08:14:10.430Z'
}
{
  message: {
    title: 'Summer',
    year: 2025,
    code: '03',
    startMonth: 'January',
    endMonth: 'April'
  },
  level: 'info',
  service: 'user-service',
  label: 'info',
  timestamp: '2023-06-28T08:14:22.449Z'
}
{
  message: {
    title: 'Summer',
    year: 2025,
    code: '02',
    startMonth: 'January',
    endMonth: 'April'
  },
  level: 'info',
  service: 'user-service',
  label: 'info',
  timestamp: '2023-06-28T08:14:26.350Z'
}
{
  message: 'DB is connected',
  level: 'info',
  service: 'user-service',
  label: 'info',
  timestamp: '2023-06-28T08:15:13.002Z'
}
{
  message: 'Port is listening',
  level: 'info',
  service: 'user-service',
  label: 'info',
  timestamp: '2023-06-28T08:15:13.014Z'
}
{
  message: {
    title: 'Summer',
    year: 2025,
    code: '01',
    startMonth: 'January',
    endMonth: 'April'
  },
  level: 'info',
  service: 'user-service',
  label: 'info',
  timestamp: '2023-06-28T08:15:23.411Z'
}
{
  message: 'DB is connected',
  level: 'info',
  service: 'user-service',
  label: 'info',
  timestamp: '2023-06-28T08:40:07.761Z'
}
{
  message: 'Port is listening',
  level: 'info',
  service: 'user-service',
  label: 'info',
  timestamp: '2023-06-28T08:40:07.770Z'
}
{
  message: {
    title: 'Summer',
    year: 2025,
    code: '01',
    startMonth: 'January',
    endMonth: 'April'
  },
  level: 'info',
  service: 'user-service',
  label: 'info',
  timestamp: '2023-06-28T08:40:23.699Z'
}
{
  message: {
    title: 'Summer',
    year: 2025,
    code: '02',
    startMonth: 'January',
    endMonth: 'April'
  },
  level: 'info',
  service: 'user-service',
  label: 'info',
  timestamp: '2023-06-28T08:40:32.553Z'
}
{
  message: 'DB is connected',
  level: 'info',
  service: 'user-service',
  label: 'info',
  timestamp: '2023-06-28T08:50:15.414Z'
}
{
  message: 'Port is listening',
  level: 'info',
  service: 'user-service',
  label: 'info',
  timestamp: '2023-06-28T08:50:15.422Z'
}
{
  message: 'DB is connected',
  level: 'info',
  service: 'user-service',
  label: 'info',
  timestamp: '2023-06-28T08:53:03.814Z'
}
{
  message: 'Port is listening',
  level: 'info',
  service: 'user-service',
  label: 'info',
  timestamp: '2023-06-28T08:53:03.819Z'
}
{
  message: 'DB is connected',
  level: 'info',
  service: 'user-service',
  label: 'info',
  timestamp: '2023-06-28T08:53:07.370Z'
}
{
  message: 'Port is listening',
  level: 'info',
  service: 'user-service',
  label: 'info',
  timestamp: '2023-06-28T08:53:07.380Z'
}
{
  message: 'DB is connected',
  level: 'info',
  service: 'user-service',
  label: 'info',
  timestamp: '2023-06-28T08:53:33.870Z'
}
{
  message: 'Port is listening',
  level: 'info',
  service: 'user-service',
  label: 'info',
  timestamp: '2023-06-28T08:53:33.880Z'
}
{
  message: {
    title: 'Summer',
    year: 2025,
    code: '02',
    startMonth: 'January',
    endMonth: 'April'
  },
  level: 'info',
  service: 'user-service',
  label: 'info',
  timestamp: '2023-06-28T08:53:40.284Z'
}
{
  message: 'DB is connected',
  level: 'info',
  service: 'user-service',
  label: 'info',
  timestamp: '2023-06-28T08:54:19.015Z'
}
{
  message: 'Port is listening',
  level: 'info',
  service: 'user-service',
  label: 'info',
  timestamp: '2023-06-28T08:54:19.026Z'
}
{
  message: 'DB is connected',
  level: 'info',
  service: 'user-service',
  label: 'info',
  timestamp: '2023-06-28T08:55:27.054Z'
}
{
  message: 'Port is listening',
  level: 'info',
  service: 'user-service',
  label: 'info',
  timestamp: '2023-06-28T08:55:27.062Z'
}
{
  message: 'DB is connected',
  level: 'info',
  service: 'user-service',
  label: 'info',
  timestamp: '2023-06-28T08:55:43.816Z'
}
{
  message: 'Port is listening',
  level: 'info',
  service: 'user-service',
  label: 'info',
  timestamp: '2023-06-28T08:55:43.826Z'
}
{
  message: 'DB is connected',
  level: 'info',
  service: 'user-service',
  label: 'info',
  timestamp: '2023-06-28T08:56:35.542Z'
}
{
  message: 'Port is listening',
  level: 'info',
  service: 'user-service',
  label: 'info',
  timestamp: '2023-06-28T08:56:35.549Z'
}
{
  message: {
    title: 'Summer',
    year: 2025,
    code: '02',
    startMonth: 'January',
    endMonth: 'April'
  },
  level: 'info',
  service: 'user-service',
  label: 'info',
  timestamp: '2023-06-28T08:56:44.405Z'
}
