{
  message: 'DB is connected',
  level: 'info',
  service: 'user-service',
  label: 'info',
  timestamp: '2023-06-18T10:23:12.473Z'
}
{
  message: 'Port is listening',
  level: 'info',
  service: 'user-service',
  label: 'info',
  timestamp: '2023-06-18T10:23:12.484Z'
}
{
  message: 'DB is connected',
  level: 'info',
  service: 'user-service',
  label: 'info',
  timestamp: '2023-06-18T10:24:29.021Z'
}
{
  message: 'Port is listening',
  level: 'info',
  service: 'user-service',
  label: 'info',
  timestamp: '2023-06-18T10:24:29.032Z'
}
{
  message: 'DB is connected',
  level: 'info',
  service: 'user-service',
  label: 'info',
  timestamp: '2023-06-18T10:25:32.805Z'
}
{
  message: 'Port is listening',
  level: 'info',
  service: 'user-service',
  label: 'info',
  timestamp: '2023-06-18T10:25:32.813Z'
}
{
  message: 'DB is connected',
  level: 'info',
  service: 'user-service',
  label: 'info',
  timestamp: '2023-06-18T10:27:06.133Z'
}
{
  message: 'Port is listening',
  level: 'info',
  service: 'user-service',
  label: 'info',
  timestamp: '2023-06-18T10:27:06.145Z'
}
{
  message: 'DB is connected',
  level: 'info',
  service: 'user-service',
  label: 'info',
  timestamp: '2023-06-18T10:27:35.740Z'
}
{
  message: 'Port is listening',
  level: 'info',
  service: 'user-service',
  label: 'info',
  timestamp: '2023-06-18T10:27:35.746Z'
}
{
  message: 'DB is connected',
  level: 'info',
  service: 'user-service',
  label: 'info',
  timestamp: '2023-06-18T10:28:19.388Z'
}
{
  message: 'Port is listening',
  level: 'info',
  service: 'user-service',
  label: 'info',
  timestamp: '2023-06-18T10:28:19.397Z'
}
{
  message: 'DB is connected',
  level: 'info',
  service: 'user-service',
  label: 'info',
  timestamp: '2023-06-18T10:29:54.337Z'
}
{
  message: 'Port is listening',
  level: 'info',
  service: 'user-service',
  label: 'info',
  timestamp: '2023-06-18T10:29:54.347Z'
}
{
  message: 'DB is connected',
  level: 'info',
  service: 'user-service',
  label: 'info',
  timestamp: '2023-06-18T10:30:03.545Z'
}
{
  message: 'Port is listening',
  level: 'info',
  service: 'user-service',
  label: 'info',
  timestamp: '2023-06-18T10:30:03.552Z'
}
{
  message: 'DB is connected',
  level: 'info',
  service: 'user-service',
  label: 'info',
  timestamp: '2023-06-18T10:30:37.469Z'
}
{
  message: 'Port is listening',
  level: 'info',
  service: 'user-service',
  label: 'info',
  timestamp: '2023-06-18T10:30:37.477Z'
}
{
  message: 'DB is connected',
  level: 'info',
  service: 'user-service',
  label: 'info',
  timestamp: '2023-06-18T10:30:50.914Z'
}
{
  message: 'Port is listening',
  level: 'info',
  service: 'user-service',
  label: 'info',
  timestamp: '2023-06-18T10:30:50.918Z'
}
{
  message: 'DB is connected',
  level: 'info',
  service: 'user-service',
  label: 'info',
  timestamp: '2023-06-18T10:33:52.667Z'
}
{
  message: 'Port is listening',
  level: 'info',
  service: 'user-service',
  label: 'info',
  timestamp: '2023-06-18T10:33:52.680Z'
}
{
  message: { rolex: 'student' },
  level: 'info',
  service: 'user-service',
  label: 'info',
  timestamp: '2023-06-18T10:34:00.621Z'
}
{
  message: 'DB is connected',
  level: 'info',
  service: 'user-service',
  label: 'info',
  timestamp: '2023-06-18T10:34:26.362Z'
}
{
  message: 'Port is listening',
  level: 'info',
  service: 'user-service',
  label: 'info',
  timestamp: '2023-06-18T10:34:26.374Z'
}
{
  message: 'DB is connected',
  level: 'info',
  service: 'user-service',
  label: 'info',
  timestamp: '2023-06-18T10:39:18.045Z'
}
{
  message: 'Port is listening',
  level: 'info',
  service: 'user-service',
  label: 'info',
  timestamp: '2023-06-18T10:39:18.052Z'
}
{
  message: 'DB is connected',
  level: 'info',
  service: 'user-service',
  label: 'info',
  timestamp: '2023-06-18T10:42:53.675Z'
}
{
  message: 'Port is listening',
  level: 'info',
  service: 'user-service',
  label: 'info',
  timestamp: '2023-06-18T10:42:53.688Z'
}
{
  message: 'DB is connected',
  level: 'info',
  service: 'user-service',
  label: 'info',
  timestamp: '2023-06-18T10:43:10.205Z'
}
{
  message: 'Port is listening',
  level: 'info',
  service: 'user-service',
  label: 'info',
  timestamp: '2023-06-18T10:43:10.209Z'
}
{
  message: 'DB is connected',
  level: 'info',
  service: 'user-service',
  label: 'info',
  timestamp: '2023-06-18T10:46:04.819Z'
}
{
  message: 'Port is listening',
  level: 'info',
  service: 'user-service',
  label: 'info',
  timestamp: '2023-06-18T10:46:04.823Z'
}
