{
  message: 'DB is connected',
  level: 'info',
  service: 'user-service',
  label: 'info',
  timestamp: '2023-07-02T08:36:13.142Z'
}
{
  message: 'Port is listening',
  level: 'info',
  service: 'user-service',
  label: 'info',
  timestamp: '2023-07-02T08:36:13.155Z'
}
{
  message: 'DB is connected',
  level: 'info',
  service: 'user-service',
  label: 'info',
  timestamp: '2023-07-02T08:37:48.150Z'
}
{
  message: 'Port is listening',
  level: 'info',
  service: 'user-service',
  label: 'info',
  timestamp: '2023-07-02T08:37:48.159Z'
}
{
  message: 'DB is connected',
  level: 'info',
  service: 'user-service',
  label: 'info',
  timestamp: '2023-07-02T08:39:31.339Z'
}
{
  message: 'Port is listening',
  level: 'info',
  service: 'user-service',
  label: 'info',
  timestamp: '2023-07-02T08:39:31.347Z'
}
{
  message: 'DB is connected',
  level: 'info',
  service: 'user-service',
  label: 'info',
  timestamp: '2023-07-02T08:39:45.542Z'
}
{
  message: 'Port is listening',
  level: 'info',
  service: 'user-service',
  label: 'info',
  timestamp: '2023-07-02T08:39:45.547Z'
}
{
  message: 'DB is connected',
  level: 'info',
  service: 'user-service',
  label: 'info',
  timestamp: '2023-07-02T08:39:59.089Z'
}
{
  message: 'Port is listening',
  level: 'info',
  service: 'user-service',
  label: 'info',
  timestamp: '2023-07-02T08:39:59.093Z'
}
{
  message: 'DB is connected',
  level: 'info',
  service: 'user-service',
  label: 'info',
  timestamp: '2023-07-02T08:40:15.163Z'
}
{
  message: 'Port is listening',
  level: 'info',
  service: 'user-service',
  label: 'info',
  timestamp: '2023-07-02T08:40:15.176Z'
}
{
  message: 'DB is connected',
  level: 'info',
  service: 'user-service',
  label: 'info',
  timestamp: '2023-07-02T08:40:48.789Z'
}
{
  message: 'Port is listening',
  level: 'info',
  service: 'user-service',
  label: 'info',
  timestamp: '2023-07-02T08:40:48.793Z'
}
{
  message: 'DB is connected',
  level: 'info',
  service: 'user-service',
  label: 'info',
  timestamp: '2023-07-02T08:51:29.793Z'
}
{
  message: 'Port is listening',
  level: 'info',
  service: 'user-service',
  label: 'info',
  timestamp: '2023-07-02T08:51:29.804Z'
}
{
  message: 'DB is connected',
  level: 'info',
  service: 'user-service',
  label: 'info',
  timestamp: '2023-07-02T08:51:57.401Z'
}
{
  message: 'Port is listening',
  level: 'info',
  service: 'user-service',
  label: 'info',
  timestamp: '2023-07-02T08:51:57.416Z'
}
{
  message: 'DB is connected',
  level: 'info',
  service: 'user-service',
  label: 'info',
  timestamp: '2023-07-02T08:52:37.116Z'
}
{
  message: 'Port is listening',
  level: 'info',
  service: 'user-service',
  label: 'info',
  timestamp: '2023-07-02T08:52:37.121Z'
}
{
  message: 'DB is connected',
  level: 'info',
  service: 'user-service',
  label: 'info',
  timestamp: '2023-07-02T08:52:47.011Z'
}
{
  message: 'Port is listening',
  level: 'info',
  service: 'user-service',
  label: 'info',
  timestamp: '2023-07-02T08:52:47.016Z'
}
{
  message: 'DB is connected',
  level: 'info',
  service: 'user-service',
  label: 'info',
  timestamp: '2023-07-02T08:53:14.431Z'
}
{
  message: 'Port is listening',
  level: 'info',
  service: 'user-service',
  label: 'info',
  timestamp: '2023-07-02T08:53:14.440Z'
}
{
  message: 'DB is connected',
  level: 'info',
  service: 'user-service',
  label: 'info',
  timestamp: '2023-07-02T08:54:02.316Z'
}
{
  message: 'Port is listening',
  level: 'info',
  service: 'user-service',
  label: 'info',
  timestamp: '2023-07-02T08:54:02.322Z'
}
