{
  message: 'DB is connected',
  level: 'info',
  service: 'user-service',
  label: 'info',
  timestamp: '2023-07-04T04:00:19.635Z'
}
{
  message: 'Port is listening',
  level: 'info',
  service: 'user-service',
  label: 'info',
  timestamp: '2023-07-04T04:00:19.648Z'
}
{
  message: 'DB is connected',
  level: 'info',
  service: 'user-service',
  label: 'info',
  timestamp: '2023-07-04T04:00:56.091Z'
}
{
  message: 'Port is listening',
  level: 'info',
  service: 'user-service',
  label: 'info',
  timestamp: '2023-07-04T04:00:56.095Z'
}
{
  message: 'DB is connected',
  level: 'info',
  service: 'user-service',
  label: 'info',
  timestamp: '2023-07-04T04:01:17.155Z'
}
{
  message: 'Port is listening',
  level: 'info',
  service: 'user-service',
  label: 'info',
  timestamp: '2023-07-04T04:01:17.160Z'
}
{
  message: 'DB is connected',
  level: 'info',
  service: 'user-service',
  label: 'info',
  timestamp: '2023-07-04T04:01:30.949Z'
}
{
  message: 'Port is listening',
  level: 'info',
  service: 'user-service',
  label: 'info',
  timestamp: '2023-07-04T04:01:30.964Z'
}
{
  message: 'DB is connected',
  level: 'info',
  service: 'user-service',
  label: 'info',
  timestamp: '2023-07-04T04:03:32.002Z'
}
{
  message: 'Port is listening',
  level: 'info',
  service: 'user-service',
  label: 'info',
  timestamp: '2023-07-04T04:03:32.012Z'
}
{
  message: 'DB is connected',
  level: 'info',
  service: 'user-service',
  label: 'info',
  timestamp: '2023-07-04T04:03:40.658Z'
}
{
  message: 'Port is listening',
  level: 'info',
  service: 'user-service',
  label: 'info',
  timestamp: '2023-07-04T04:03:40.663Z'
}
{
  message: 'DB is connected',
  level: 'info',
  service: 'user-service',
  label: 'info',
  timestamp: '2023-07-04T04:03:48.350Z'
}
{
  message: 'Port is listening',
  level: 'info',
  service: 'user-service',
  label: 'info',
  timestamp: '2023-07-04T04:03:48.359Z'
}
{
  message: 'DB is connected',
  level: 'info',
  service: 'user-service',
  label: 'info',
  timestamp: '2023-07-04T04:04:05.547Z'
}
{
  message: 'Port is listening',
  level: 'info',
  service: 'user-service',
  label: 'info',
  timestamp: '2023-07-04T04:04:05.554Z'
}
{
  message: 'DB is connected',
  level: 'info',
  service: 'user-service',
  label: 'info',
  timestamp: '2023-07-04T04:04:17.869Z'
}
{
  message: 'Port is listening',
  level: 'info',
  service: 'user-service',
  label: 'info',
  timestamp: '2023-07-04T04:04:17.878Z'
}
{
  message: 'DB is connected',
  level: 'info',
  service: 'user-service',
  label: 'info',
  timestamp: '2023-07-04T04:04:32.202Z'
}
{
  message: 'Port is listening',
  level: 'info',
  service: 'user-service',
  label: 'info',
  timestamp: '2023-07-04T04:04:32.211Z'
}
{
  message: 'DB is connected',
  level: 'info',
  service: 'user-service',
  label: 'info',
  timestamp: '2023-07-04T04:05:19.353Z'
}
{
  message: 'Port is listening',
  level: 'info',
  service: 'user-service',
  label: 'info',
  timestamp: '2023-07-04T04:05:19.358Z'
}
{
  message: 'DB is connected',
  level: 'info',
  service: 'user-service',
  label: 'info',
  timestamp: '2023-07-04T04:05:38.755Z'
}
{
  message: 'Port is listening',
  level: 'info',
  service: 'user-service',
  label: 'info',
  timestamp: '2023-07-04T04:05:38.768Z'
}
{
  message: 'DB is connected',
  level: 'info',
  service: 'user-service',
  label: 'info',
  timestamp: '2023-07-04T04:06:22.806Z'
}
{
  message: 'Port is listening',
  level: 'info',
  service: 'user-service',
  label: 'info',
  timestamp: '2023-07-04T04:06:22.815Z'
}
{
  message: 'DB is connected',
  level: 'info',
  service: 'user-service',
  label: 'info',
  timestamp: '2023-07-04T04:23:19.049Z'
}
{
  message: 'Port is listening',
  level: 'info',
  service: 'user-service',
  label: 'info',
  timestamp: '2023-07-04T04:23:19.066Z'
}
{
  message: 'DB is connected',
  level: 'info',
  service: 'user-service',
  label: 'info',
  timestamp: '2023-07-04T04:23:33.857Z'
}
{
  message: 'Port is listening',
  level: 'info',
  service: 'user-service',
  label: 'info',
  timestamp: '2023-07-04T04:23:33.869Z'
}
{
  message: 'DB is connected',
  level: 'info',
  service: 'user-service',
  label: 'info',
  timestamp: '2023-07-04T04:46:18.413Z'
}
{
  message: 'Port is listening',
  level: 'info',
  service: 'user-service',
  label: 'info',
  timestamp: '2023-07-04T04:46:18.424Z'
}
{
  message: 'DB is connected',
  level: 'info',
  service: 'user-service',
  label: 'info',
  timestamp: '2023-07-04T04:46:37.674Z'
}
{
  message: 'Port is listening',
  level: 'info',
  service: 'user-service',
  label: 'info',
  timestamp: '2023-07-04T04:46:37.684Z'
}
{
  message: 'DB is connected',
  level: 'info',
  service: 'user-service',
  label: 'info',
  timestamp: '2023-07-04T04:50:01.154Z'
}
{
  message: 'Port is listening',
  level: 'info',
  service: 'user-service',
  label: 'info',
  timestamp: '2023-07-04T04:50:01.164Z'
}
{
  message: 'DB is connected',
  level: 'info',
  service: 'user-service',
  label: 'info',
  timestamp: '2023-07-04T04:50:11.170Z'
}
{
  message: 'Port is listening',
  level: 'info',
  service: 'user-service',
  label: 'info',
  timestamp: '2023-07-04T04:50:11.181Z'
}
{
  message: 'DB is connected',
  level: 'info',
  service: 'user-service',
  label: 'info',
  timestamp: '2023-07-04T04:50:49.124Z'
}
{
  message: 'Port is listening',
  level: 'info',
  service: 'user-service',
  label: 'info',
  timestamp: '2023-07-04T04:50:49.128Z'
}
