{
  service: 'user-service',
  stringValue: '"64a1a7b2538d741363faa2a"',
  messageFormat: undefined,
  kind: 'ObjectId',
  value: '64a1a7b2538d741363faa2a',
  path: '_id',
  reason: BSONError: Argument passed in must be a string of 12 bytes or a string of 24 hex characters or an integer
      at new ObjectId (/Users/hasan/Desktop/Web Dev/university-management-auth-service/node_modules/bson/src/objectid.ts:88:15)
      at castObjectId (/Users/hasan/Desktop/Web Dev/university-management-auth-service/node_modules/mongoose/lib/cast/objectid.js:25:12)
      at ObjectId.cast (/Users/hasan/Desktop/Web Dev/university-management-auth-service/node_modules/mongoose/lib/schema/objectid.js:246:12)
      at ObjectId.SchemaType.applySetters (/Users/hasan/Desktop/Web Dev/university-management-auth-service/node_modules/mongoose/lib/schematype.js:1204:12)
      at ObjectId.SchemaType.castForQuery (/Users/hasan/Desktop/Web Dev/university-management-auth-service/node_modules/mongoose/lib/schematype.js:1616:15)
      at cast (/Users/hasan/Desktop/Web Dev/university-management-auth-service/node_modules/mongoose/lib/cast.js:348:32)
      at model.Query.Query.cast (/Users/hasan/Desktop/Web Dev/university-management-auth-service/node_modules/mongoose/lib/query.js:4874:12)
      at model.Query.Query._castConditions (/Users/hasan/Desktop/Web Dev/university-management-auth-service/node_modules/mongoose/lib/query.js:2210:10)
      at model.Query._findOne (/Users/hasan/Desktop/Web Dev/university-management-auth-service/node_modules/mongoose/lib/query.js:2497:8)
      at model.Query.exec (/Users/hasan/Desktop/Web Dev/university-management-auth-service/node_modules/mongoose/lib/query.js:4404:28),
  valueType: 'string',
  model: Model { AcademicSemester },
  level: 'error',
  message: 'globalErrorHandler ~ Cast to ObjectId failed for value "64a1a7b2538d741363faa2a" (type string) at path "_id" for model "AcademicSemester"',
  stack: 'CastError: Cast to ObjectId failed for value "64a1a7b2538d741363faa2a" (type string) at path "_id" for model "AcademicSemester"\n' +
    '    at ObjectId.cast (/Users/hasan/Desktop/Web Dev/university-management-auth-service/node_modules/mongoose/lib/schema/objectid.js:248:11)\n' +
    '    at ObjectId.SchemaType.applySetters (/Users/hasan/Desktop/Web Dev/university-management-auth-service/node_modules/mongoose/lib/schematype.js:1204:12)\n' +
    '    at ObjectId.SchemaType.castForQuery (/Users/hasan/Desktop/Web Dev/university-management-auth-service/node_modules/mongoose/lib/schematype.js:1616:15)\n' +
    '    at cast (/Users/hasan/Desktop/Web Dev/university-management-auth-service/node_modules/mongoose/lib/cast.js:348:32)\n' +
    '    at model.Query.Query.cast (/Users/hasan/Desktop/Web Dev/university-management-auth-service/node_modules/mongoose/lib/query.js:4874:12)\n' +
    '    at model.Query.Query._castConditions (/Users/hasan/Desktop/Web Dev/university-management-auth-service/node_modules/mongoose/lib/query.js:2210:10)\n' +
    '    at model.Query._findOne (/Users/hasan/Desktop/Web Dev/university-management-auth-service/node_modules/mongoose/lib/query.js:2497:8)\n' +
    '    at model.Query.exec (/Users/hasan/Desktop/Web Dev/university-management-auth-service/node_modules/mongoose/lib/query.js:4404:28)\n' +
    '    at processTicksAndRejections (node:internal/process/task_queues:96:5)',
  label: 'error',
  timestamp: '2023-07-04T06:44:24.264Z'
}
